c:\users\kondaji\source\repos\mfcapplication1\mfcapplication1\x64\debug\mfcapplication1.pch
c:\users\kondaji\source\repos\mfcapplication1\mfcapplication1\x64\debug\vc141.pdb
c:\users\kondaji\source\repos\mfcapplication1\mfcapplication1\x64\debug\vc141.idb
c:\users\kondaji\source\repos\mfcapplication1\mfcapplication1\x64\debug\pch.obj
c:\users\kondaji\source\repos\mfcapplication1\mfcapplication1\x64\debug\mfcapplication1dlg.obj
c:\users\kondaji\source\repos\mfcapplication1\mfcapplication1\x64\debug\mfcapplication1.obj
c:\users\kondaji\source\repos\mfcapplication1\x64\debug\mfcapplication1.exe
c:\users\kondaji\source\repos\mfcapplication1\x64\debug\mfcapplication1.ilk
c:\users\kondaji\source\repos\mfcapplication1\x64\debug\mfcapplication1.pdb
c:\users\kondaji\source\repos\mfcapplication1\mfcapplication1\x64\debug\mfcapplication1.res
c:\users\kondaji\source\repos\mfcapplication1\mfcapplication1\x64\debug\mfcapplication1dlg.obj.enc
c:\users\kondaji\source\repos\mfcapplication1\mfcapplication1\x64\debug\mfcapplication1.tlog\cl.command.1.tlog
c:\users\kondaji\source\repos\mfcapplication1\mfcapplication1\x64\debug\mfcapplication1.tlog\cl.read.1.tlog
c:\users\kondaji\source\repos\mfcapplication1\mfcapplication1\x64\debug\mfcapplication1.tlog\cl.write.1.tlog
c:\users\kondaji\source\repos\mfcapplication1\mfcapplication1\x64\debug\mfcapplication1.tlog\link.command.1.tlog
c:\users\kondaji\source\repos\mfcapplication1\mfcapplication1\x64\debug\mfcapplication1.tlog\link.read.1.tlog
c:\users\kondaji\source\repos\mfcapplication1\mfcapplication1\x64\debug\mfcapplication1.tlog\link.write.1.tlog
c:\users\kondaji\source\repos\mfcapplication1\mfcapplication1\x64\debug\mfcapplication1.tlog\rc.command.1.tlog
c:\users\kondaji\source\repos\mfcapplication1\mfcapplication1\x64\debug\mfcapplication1.tlog\rc.read.1.tlog
c:\users\kondaji\source\repos\mfcapplication1\mfcapplication1\x64\debug\mfcapplication1.tlog\rc.write.1.tlog
